<?xml version="1.0" encoding="UTF-8"?>
<testsuite name="ContTest" tests="1" skipped="0" failures="0" errors="0" timestamp="2020-11-01T19:55:08" hostname="ARSTEL-10298" time="0.012">
  <properties/>
  <testcase name="get()" classname="ContTest" time="0.012"/>
  <system-out><![CDATA[]]></system-out>
  <system-err><![CDATA[]]></system-err>
</testsuite>
